{
"/Users/dominiccocchiarella/code/QuestBnB/public/app/backbone_models/header_model.js":{"path":"/Users/dominiccocchiarella/code/QuestBnB/public/app/backbone_models/header_model.js","s":{"1":1,"2":1},"b":{},"f":{},"fnMap":{},"statementMap":{"1":{"start":{"line":1,"column":0},"end":{"line":6,"column":3}},"2":{"start":{"line":8,"column":0},"end":{"line":8,"column":30}}},"branchMap":{},"l":{"1":1,"8":1}},
"/Users/dominiccocchiarella/code/QuestBnB/public/app/backbone_models/search_model.js":{"path":"/Users/dominiccocchiarella/code/QuestBnB/public/app/backbone_models/search_model.js","s":{"1":1,"2":6,"3":4,"4":4,"5":2,"6":2,"7":1,"8":1,"9":1,"10":1,"11":1,"12":1,"13":1},"b":{"1":[2,1,1]},"f":{"1":6,"2":4,"3":4,"4":1},"fnMap":{"1":{"name":"(anonymous_1)","line":7,"loc":{"start":{"line":7,"column":13},"end":{"line":7,"column":28}}},"2":{"name":"(anonymous_2)","line":11,"loc":{"start":{"line":11,"column":22},"end":{"line":11,"column":40}}},"3":{"name":"(anonymous_3)","line":15,"loc":{"start":{"line":15,"column":16},"end":{"line":15,"column":46}}},"4":{"name":"(anonymous_4)","line":39,"loc":{"start":{"line":39,"column":8},"end":{"line":39,"column":19}}}},"statementMap":{"1":{"start":{"line":1,"column":0},"end":{"line":42,"column":3}},"2":{"start":{"line":8,"column":2},"end":{"line":8,"column":30}},"3":{"start":{"line":12,"column":2},"end":{"line":12,"column":79}},"4":{"start":{"line":16,"column":2},"end":{"line":36,"column":3}},"5":{"start":{"line":18,"column":4},"end":{"line":21,"column":7}},"6":{"start":{"line":22,"column":4},"end":{"line":22,"column":10}},"7":{"start":{"line":24,"column":4},"end":{"line":27,"column":7}},"8":{"start":{"line":28,"column":4},"end":{"line":28,"column":10}},"9":{"start":{"line":30,"column":4},"end":{"line":33,"column":7}},"10":{"start":{"line":34,"column":4},"end":{"line":34,"column":54}},"11":{"start":{"line":35,"column":4},"end":{"line":35,"column":10}},"12":{"start":{"line":40,"column":2},"end":{"line":40,"column":26}},"13":{"start":{"line":44,"column":0},"end":{"line":44,"column":29}}},"branchMap":{"1":{"line":16,"type":"switch","locations":[{"start":{"line":17,"column":3},"end":{"line":22,"column":10}},{"start":{"line":23,"column":3},"end":{"line":28,"column":10}},{"start":{"line":29,"column":3},"end":{"line":35,"column":10}}]}},"l":{"1":1,"8":6,"12":4,"16":4,"18":2,"22":2,"24":1,"28":1,"30":1,"34":1,"35":1,"40":1,"44":1}},
"/Users/dominiccocchiarella/code/QuestBnB/public/app/backbone_models/stop_model.js":{"path":"/Users/dominiccocchiarella/code/QuestBnB/public/app/backbone_models/stop_model.js","s":{"1":1,"2":1,"3":1},"b":{},"f":{"1":1},"fnMap":{"1":{"name":"(anonymous_1)","line":29,"loc":{"start":{"line":29,"column":9},"end":{"line":29,"column":26}}}},"statementMap":{"1":{"start":{"line":1,"column":0},"end":{"line":33,"column":3}},"2":{"start":{"line":31,"column":2},"end":{"line":31,"column":37}},"3":{"start":{"line":35,"column":0},"end":{"line":35,"column":28}}},"branchMap":{},"l":{"1":1,"31":1,"35":1}},
"/Users/dominiccocchiarella/code/QuestBnB/public/app/backbone_collections/stops_collection.js":{"path":"/Users/dominiccocchiarella/code/QuestBnB/public/app/backbone_collections/stops_collection.js","s":{"1":1,"2":1,"3":1,"4":1,"5":15,"6":47,"7":11,"8":1,"9":6,"10":12,"11":8,"12":8,"13":8,"14":8,"15":8,"16":3,"17":3,"18":9,"19":9,"20":4,"21":4,"22":3,"23":3,"24":3,"25":5,"26":5,"27":5,"28":5,"29":5,"30":5,"31":5,"32":5,"33":5,"34":5,"35":5,"36":5,"37":5,"38":5,"39":5,"40":5,"41":5,"42":4,"43":12,"44":8,"45":8,"46":8,"47":8,"48":8,"49":8,"50":8,"51":8,"52":4,"53":4,"54":1},"b":{"1":[4,5],"2":[3,0],"3":[5,0],"4":[5,0],"5":[4,1],"6":[8,4],"7":[8,0]},"f":{"1":15,"2":47,"3":11,"4":1,"5":6,"6":12,"7":8,"8":3,"9":9,"10":5,"11":5,"12":12},"fnMap":{"1":{"name":"(anonymous_1)","line":8,"loc":{"start":{"line":8,"column":15},"end":{"line":8,"column":26}}},"2":{"name":"(anonymous_2)","line":9,"loc":{"start":{"line":9,"column":22},"end":{"line":9,"column":44}}},"3":{"name":"(anonymous_3)","line":14,"loc":{"start":{"line":14,"column":13},"end":{"line":14,"column":28}}},"4":{"name":"(anonymous_4)","line":15,"loc":{"start":{"line":15,"column":31},"end":{"line":15,"column":48}}},"5":{"name":"(anonymous_5)","line":20,"loc":{"start":{"line":20,"column":10},"end":{"line":20,"column":27}}},"6":{"name":"(anonymous_6)","line":21,"loc":{"start":{"line":21,"column":29},"end":{"line":21,"column":49}}},"7":{"name":"(anonymous_7)","line":26,"loc":{"start":{"line":26,"column":10},"end":{"line":26,"column":32}}},"8":{"name":"(anonymous_8)","line":40,"loc":{"start":{"line":40,"column":17},"end":{"line":40,"column":28}}},"9":{"name":"(anonymous_9)","line":43,"loc":{"start":{"line":43,"column":22},"end":{"line":43,"column":44}}},"10":{"name":"(anonymous_10)","line":59,"loc":{"start":{"line":59,"column":13},"end":{"line":59,"column":36}}},"11":{"name":"(anonymous_11)","line":68,"loc":{"start":{"line":68,"column":15},"end":{"line":68,"column":32}}},"12":{"name":"(anonymous_12)","line":105,"loc":{"start":{"line":105,"column":30},"end":{"line":105,"column":52}}}},"statementMap":{"1":{"start":{"line":1,"column":0},"end":{"line":1,"column":31}},"2":{"start":{"line":2,"column":0},"end":{"line":2,"column":34}},"3":{"start":{"line":3,"column":0},"end":{"line":3,"column":58}},"4":{"start":{"line":5,"column":0},"end":{"line":155,"column":3}},"5":{"start":{"line":9,"column":2},"end":{"line":11,"column":5}},"6":{"start":{"line":10,"column":3},"end":{"line":10,"column":59}},"7":{"start":{"line":15,"column":2},"end":{"line":17,"column":12}},"8":{"start":{"line":16,"column":3},"end":{"line":16,"column":27}},"9":{"start":{"line":21,"column":2},"end":{"line":23,"column":5}},"10":{"start":{"line":22,"column":4},"end":{"line":22,"column":45}},"11":{"start":{"line":27,"column":2},"end":{"line":27,"column":42}},"12":{"start":{"line":29,"column":2},"end":{"line":31,"column":5}},"13":{"start":{"line":33,"column":2},"end":{"line":33,"column":22}},"14":{"start":{"line":36,"column":2},"end":{"line":36,"column":39}},"15":{"start":{"line":37,"column":2},"end":{"line":37,"column":50}},"16":{"start":{"line":41,"column":2},"end":{"line":41,"column":29}},"17":{"start":{"line":43,"column":2},"end":{"line":51,"column":5}},"18":{"start":{"line":44,"column":3},"end":{"line":44,"column":30}},"19":{"start":{"line":46,"column":3},"end":{"line":49,"column":4}},"20":{"start":{"line":47,"column":4},"end":{"line":47,"column":27}},"21":{"start":{"line":48,"column":4},"end":{"line":48,"column":24}},"22":{"start":{"line":53,"column":2},"end":{"line":56,"column":3}},"23":{"start":{"line":54,"column":3},"end":{"line":54,"column":34}},"24":{"start":{"line":55,"column":3},"end":{"line":55,"column":40}},"25":{"start":{"line":60,"column":2},"end":{"line":60,"column":43}},"26":{"start":{"line":61,"column":2},"end":{"line":61,"column":22}},"27":{"start":{"line":62,"column":2},"end":{"line":62,"column":25}},"28":{"start":{"line":65,"column":2},"end":{"line":65,"column":41}},"29":{"start":{"line":69,"column":2},"end":{"line":69,"column":30}},"30":{"start":{"line":70,"column":2},"end":{"line":70,"column":63}},"31":{"start":{"line":71,"column":2},"end":{"line":71,"column":15}},"32":{"start":{"line":72,"column":2},"end":{"line":72,"column":15}},"33":{"start":{"line":73,"column":2},"end":{"line":73,"column":20}},"34":{"start":{"line":74,"column":2},"end":{"line":74,"column":20}},"35":{"start":{"line":75,"column":2},"end":{"line":75,"column":11}},"36":{"start":{"line":76,"column":2},"end":{"line":76,"column":14}},"37":{"start":{"line":78,"column":2},"end":{"line":97,"column":3}},"38":{"start":{"line":99,"column":2},"end":{"line":99,"column":26}},"39":{"start":{"line":100,"column":2},"end":{"line":100,"column":49}},"40":{"start":{"line":101,"column":2},"end":{"line":101,"column":31}},"41":{"start":{"line":103,"column":2},"end":{"line":153,"column":3}},"42":{"start":{"line":105,"column":3},"end":{"line":152,"column":13}},"43":{"start":{"line":106,"column":4},"end":{"line":151,"column":5}},"44":{"start":{"line":107,"column":5},"end":{"line":107,"column":96}},"45":{"start":{"line":108,"column":5},"end":{"line":108,"column":31}},"46":{"start":{"line":110,"column":5},"end":{"line":113,"column":7}},"47":{"start":{"line":115,"column":5},"end":{"line":115,"column":77}},"48":{"start":{"line":117,"column":5},"end":{"line":120,"column":24}},"49":{"start":{"line":122,"column":5},"end":{"line":125,"column":24}},"50":{"start":{"line":127,"column":5},"end":{"line":130,"column":24}},"51":{"start":{"line":134,"column":5},"end":{"line":144,"column":7}},"52":{"start":{"line":146,"column":5},"end":{"line":146,"column":23}},"53":{"start":{"line":147,"column":5},"end":{"line":150,"column":24}},"54":{"start":{"line":157,"column":0},"end":{"line":157,"column":33}}},"branchMap":{"1":{"line":46,"type":"if","locations":[{"start":{"line":46,"column":3},"end":{"line":46,"column":3}},{"start":{"line":46,"column":3},"end":{"line":46,"column":3}}]},"2":{"line":53,"type":"if","locations":[{"start":{"line":53,"column":2},"end":{"line":53,"column":2}},{"start":{"line":53,"column":2},"end":{"line":53,"column":2}}]},"3":{"line":99,"type":"binary-expr","locations":[{"start":{"line":99,"column":2},"end":{"line":99,"column":8}},{"start":{"line":99,"column":13},"end":{"line":99,"column":24}}]},"4":{"line":100,"type":"binary-expr","locations":[{"start":{"line":100,"column":2},"end":{"line":100,"column":15}},{"start":{"line":100,"column":20},"end":{"line":100,"column":47}}]},"5":{"line":103,"type":"if","locations":[{"start":{"line":103,"column":2},"end":{"line":103,"column":2}},{"start":{"line":103,"column":2},"end":{"line":103,"column":2}}]},"6":{"line":106,"type":"if","locations":[{"start":{"line":106,"column":4},"end":{"line":106,"column":4}},{"start":{"line":106,"column":4},"end":{"line":106,"column":4}}]},"7":{"line":107,"type":"cond-expr","locations":[{"start":{"line":107,"column":42},"end":{"line":107,"column":75}},{"start":{"line":107,"column":78},"end":{"line":107,"column":94}}]}},"l":{"1":1,"2":1,"3":1,"5":1,"9":15,"10":47,"15":11,"16":1,"21":6,"22":12,"27":8,"29":8,"33":8,"36":8,"37":8,"41":3,"43":3,"44":9,"46":9,"47":4,"48":4,"53":3,"54":3,"55":3,"60":5,"61":5,"62":5,"65":5,"69":5,"70":5,"71":5,"72":5,"73":5,"74":5,"75":5,"76":5,"78":5,"99":5,"100":5,"101":5,"103":5,"105":4,"106":12,"107":8,"108":8,"110":8,"115":8,"117":8,"122":8,"127":8,"134":8,"146":4,"147":4,"157":1}},
"/Users/dominiccocchiarella/code/QuestBnB/public/app/backbone_models/traveller_model.js":{"path":"/Users/dominiccocchiarella/code/QuestBnB/public/app/backbone_models/traveller_model.js","s":{"1":1,"2":1,"3":1},"b":{},"f":{"1":1},"fnMap":{"1":{"name":"(anonymous_1)","line":9,"loc":{"start":{"line":9,"column":18},"end":{"line":9,"column":29}}}},"statementMap":{"1":{"start":{"line":1,"column":0},"end":{"line":12,"column":3}},"2":{"start":{"line":10,"column":2},"end":{"line":10,"column":52}},"3":{"start":{"line":14,"column":0},"end":{"line":14,"column":33}}},"branchMap":{},"l":{"1":1,"10":1,"14":1}},
"/Users/dominiccocchiarella/code/QuestBnB/public/app/backbone_collections/travellers_collection.js":{"path":"/Users/dominiccocchiarella/code/QuestBnB/public/app/backbone_collections/travellers_collection.js","s":{"1":1,"2":1,"3":3,"4":1,"5":3,"6":1},"b":{},"f":{"1":3,"2":1,"3":3},"fnMap":{"1":{"name":"(anonymous_1)","line":6,"loc":{"start":{"line":6,"column":13},"end":{"line":6,"column":24}}},"2":{"name":"(anonymous_2)","line":7,"loc":{"start":{"line":7,"column":37},"end":{"line":7,"column":50}}},"3":{"name":"(anonymous_3)","line":12,"loc":{"start":{"line":12,"column":18},"end":{"line":12,"column":31}}}},"statementMap":{"1":{"start":{"line":1,"column":0},"end":{"line":1,"column":68}},"2":{"start":{"line":3,"column":0},"end":{"line":15,"column":3}},"3":{"start":{"line":7,"column":2},"end":{"line":9,"column":12}},"4":{"start":{"line":8,"column":3},"end":{"line":8,"column":28}},"5":{"start":{"line":13,"column":2},"end":{"line":13,"column":38}},"6":{"start":{"line":17,"column":0},"end":{"line":17,"column":39}}},"branchMap":{},"l":{"1":1,"3":1,"7":3,"8":1,"13":3,"17":1}},
"/Users/dominiccocchiarella/code/QuestBnB/public/app/backbone_models/trip_model.js":{"path":"/Users/dominiccocchiarella/code/QuestBnB/public/app/backbone_models/trip_model.js","s":{"1":1,"2":6,"3":5,"4":7,"5":4,"6":4,"7":4,"8":4,"9":1,"10":3,"11":3,"12":4,"13":2,"14":2,"15":2,"16":3,"17":2,"18":3,"19":4,"20":4,"21":5,"22":1},"b":{"1":[1,3],"2":[2,2],"3":[2,1]},"f":{"1":6,"2":5,"3":7,"4":4,"5":4,"6":5},"fnMap":{"1":{"name":"(anonymous_1)","line":19,"loc":{"start":{"line":19,"column":13},"end":{"line":19,"column":28}}},"2":{"name":"(anonymous_2)","line":23,"loc":{"start":{"line":23,"column":9},"end":{"line":23,"column":26}}},"3":{"name":"(anonymous_3)","line":27,"loc":{"start":{"line":27,"column":11},"end":{"line":27,"column":22}}},"4":{"name":"(anonymous_4)","line":31,"loc":{"start":{"line":31,"column":28},"end":{"line":31,"column":39}}},"5":{"name":"(anonymous_5)","line":45,"loc":{"start":{"line":45,"column":20},"end":{"line":45,"column":42}}},"6":{"name":"(anonymous_6)","line":61,"loc":{"start":{"line":61,"column":23},"end":{"line":61,"column":45}}}},"statementMap":{"1":{"start":{"line":1,"column":0},"end":{"line":64,"column":3}},"2":{"start":{"line":20,"column":2},"end":{"line":20,"column":18}},"3":{"start":{"line":24,"column":2},"end":{"line":24,"column":44}},"4":{"start":{"line":28,"column":2},"end":{"line":28,"column":29}},"5":{"start":{"line":32,"column":2},"end":{"line":32,"column":50}},"6":{"start":{"line":33,"column":2},"end":{"line":38,"column":3}},"7":{"start":{"line":39,"column":2},"end":{"line":39,"column":15}},"8":{"start":{"line":41,"column":2},"end":{"line":55,"column":3}},"9":{"start":{"line":42,"column":3},"end":{"line":42,"column":24}},"10":{"start":{"line":44,"column":3},"end":{"line":44,"column":35}},"11":{"start":{"line":45,"column":3},"end":{"line":51,"column":6}},"12":{"start":{"line":46,"column":4},"end":{"line":50,"column":5}},"13":{"start":{"line":47,"column":5},"end":{"line":47,"column":31}},"14":{"start":{"line":48,"column":5},"end":{"line":48,"column":21}},"15":{"start":{"line":49,"column":5},"end":{"line":49,"column":17}},"16":{"start":{"line":53,"column":3},"end":{"line":53,"column":51}},"17":{"start":{"line":53,"column":19},"end":{"line":53,"column":49}},"18":{"start":{"line":54,"column":3},"end":{"line":54,"column":26}},"19":{"start":{"line":57,"column":2},"end":{"line":57,"column":61}},"20":{"start":{"line":58,"column":2},"end":{"line":58,"column":38}},"21":{"start":{"line":62,"column":2},"end":{"line":62,"column":51}},"22":{"start":{"line":66,"column":0},"end":{"line":66,"column":28}}},"branchMap":{"1":{"line":41,"type":"if","locations":[{"start":{"line":41,"column":2},"end":{"line":41,"column":2}},{"start":{"line":41,"column":2},"end":{"line":41,"column":2}}]},"2":{"line":46,"type":"if","locations":[{"start":{"line":46,"column":4},"end":{"line":46,"column":4}},{"start":{"line":46,"column":4},"end":{"line":46,"column":4}}]},"3":{"line":53,"type":"if","locations":[{"start":{"line":53,"column":3},"end":{"line":53,"column":3}},{"start":{"line":53,"column":3},"end":{"line":53,"column":3}}]}},"l":{"1":1,"20":6,"24":5,"28":7,"32":4,"33":4,"39":4,"41":4,"42":1,"44":3,"45":3,"46":4,"47":2,"48":2,"49":2,"53":3,"54":3,"57":4,"58":4,"62":5,"66":1}}}
