{
"/Users/dominiccocchiarella/code/QuestBnB/public/app/backbone_models/header_model.js":{"path":"/Users/dominiccocchiarella/code/QuestBnB/public/app/backbone_models/header_model.js","s":{"1":1,"2":1},"b":{},"f":{},"fnMap":{},"statementMap":{"1":{"start":{"line":1,"column":0},"end":{"line":6,"column":3}},"2":{"start":{"line":8,"column":0},"end":{"line":8,"column":30}}},"branchMap":{},"l":{"1":1,"8":1}},
"/Users/dominiccocchiarella/code/QuestBnB/public/app/backbone_models/search_model.js":{"path":"/Users/dominiccocchiarella/code/QuestBnB/public/app/backbone_models/search_model.js","s":{"1":1,"2":6,"3":4,"4":4,"5":2,"6":2,"7":1,"8":1,"9":1,"10":1,"11":1,"12":1,"13":1},"b":{"1":[2,1,1]},"f":{"1":6,"2":4,"3":4,"4":1},"fnMap":{"1":{"name":"(anonymous_1)","line":7,"loc":{"start":{"line":7,"column":13},"end":{"line":7,"column":28}}},"2":{"name":"(anonymous_2)","line":11,"loc":{"start":{"line":11,"column":22},"end":{"line":11,"column":40}}},"3":{"name":"(anonymous_3)","line":18,"loc":{"start":{"line":18,"column":16},"end":{"line":18,"column":46}}},"4":{"name":"(anonymous_4)","line":42,"loc":{"start":{"line":42,"column":8},"end":{"line":42,"column":19}}}},"statementMap":{"1":{"start":{"line":1,"column":0},"end":{"line":45,"column":3}},"2":{"start":{"line":8,"column":2},"end":{"line":8,"column":30}},"3":{"start":{"line":12,"column":2},"end":{"line":15,"column":4}},"4":{"start":{"line":19,"column":2},"end":{"line":39,"column":3}},"5":{"start":{"line":21,"column":4},"end":{"line":24,"column":7}},"6":{"start":{"line":25,"column":4},"end":{"line":25,"column":10}},"7":{"start":{"line":27,"column":4},"end":{"line":30,"column":7}},"8":{"start":{"line":31,"column":4},"end":{"line":31,"column":10}},"9":{"start":{"line":33,"column":4},"end":{"line":36,"column":7}},"10":{"start":{"line":37,"column":4},"end":{"line":37,"column":54}},"11":{"start":{"line":38,"column":4},"end":{"line":38,"column":10}},"12":{"start":{"line":43,"column":2},"end":{"line":43,"column":26}},"13":{"start":{"line":47,"column":0},"end":{"line":47,"column":29}}},"branchMap":{"1":{"line":19,"type":"switch","locations":[{"start":{"line":20,"column":3},"end":{"line":25,"column":10}},{"start":{"line":26,"column":3},"end":{"line":31,"column":10}},{"start":{"line":32,"column":3},"end":{"line":38,"column":10}}]}},"l":{"1":1,"8":6,"12":4,"19":4,"21":2,"25":2,"27":1,"31":1,"33":1,"37":1,"38":1,"43":1,"47":1}},
"/Users/dominiccocchiarella/code/QuestBnB/public/app/backbone_models/stop_model.js":{"path":"/Users/dominiccocchiarella/code/QuestBnB/public/app/backbone_models/stop_model.js","s":{"1":1,"2":57,"3":4,"4":57,"5":1,"6":2,"7":2,"8":1,"9":2,"10":1},"b":{"1":[4,53],"2":[1,56]},"f":{"1":57,"2":2,"3":1,"4":2},"fnMap":{"1":{"name":"(anonymous_1)","line":35,"loc":{"start":{"line":35,"column":13},"end":{"line":35,"column":28}}},"2":{"name":"(anonymous_2)","line":41,"loc":{"start":{"line":41,"column":14},"end":{"line":41,"column":31}}},"3":{"name":"(anonymous_3)","line":45,"loc":{"start":{"line":45,"column":17},"end":{"line":45,"column":28}}},"4":{"name":"(anonymous_4)","line":50,"loc":{"start":{"line":50,"column":9},"end":{"line":50,"column":26}}}},"statementMap":{"1":{"start":{"line":1,"column":0},"end":{"line":54,"column":3}},"2":{"start":{"line":36,"column":2},"end":{"line":36,"column":25}},"3":{"start":{"line":36,"column":15},"end":{"line":36,"column":23}},"4":{"start":{"line":38,"column":2},"end":{"line":38,"column":40}},"5":{"start":{"line":38,"column":18},"end":{"line":38,"column":38}},"6":{"start":{"line":42,"column":2},"end":{"line":42,"column":31}},"7":{"start":{"line":45,"column":2},"end":{"line":47,"column":17}},"8":{"start":{"line":46,"column":3},"end":{"line":46,"column":23}},"9":{"start":{"line":52,"column":2},"end":{"line":52,"column":37}},"10":{"start":{"line":56,"column":0},"end":{"line":56,"column":28}}},"branchMap":{"1":{"line":36,"type":"if","locations":[{"start":{"line":36,"column":2},"end":{"line":36,"column":2}},{"start":{"line":36,"column":2},"end":{"line":36,"column":2}}]},"2":{"line":38,"type":"if","locations":[{"start":{"line":38,"column":2},"end":{"line":38,"column":2}},{"start":{"line":38,"column":2},"end":{"line":38,"column":2}}]}},"l":{"1":1,"36":57,"38":57,"42":2,"45":2,"46":1,"52":2,"56":1}},
"/Users/dominiccocchiarella/code/QuestBnB/public/app/backbone_collections/stops_collection.js":{"path":"/Users/dominiccocchiarella/code/QuestBnB/public/app/backbone_collections/stops_collection.js","s":{"1":1,"2":1,"3":1,"4":1,"5":15,"6":47,"7":17,"8":1,"9":6,"10":12,"11":8,"12":8,"13":8,"14":8,"15":8,"16":4,"17":4,"18":14,"19":14,"20":4,"21":4,"22":4,"23":3,"24":3,"25":5,"26":5,"27":5,"28":5,"29":11,"30":11,"31":11,"32":11,"33":11,"34":11,"35":11,"36":11,"37":11,"38":11,"39":11,"40":11,"41":11,"42":2,"43":2,"44":2,"45":2,"46":11,"47":1,"48":11,"49":2,"50":11,"51":11,"52":4,"53":7,"54":22,"55":15,"56":2,"57":13,"58":13,"59":13,"60":13,"61":2,"62":11,"63":13,"64":13,"65":13,"66":2,"67":11,"68":13,"69":13,"70":13,"71":13,"72":2,"73":2,"74":2,"75":11,"76":13,"77":13,"78":13,"79":13,"80":13,"81":13,"82":13,"83":13,"84":13,"85":13,"86":13,"87":13,"88":13,"89":13,"90":13,"91":13,"92":13,"93":7,"94":7,"95":7,"96":2,"97":5,"98":7,"99":1},"b":{"1":[4,10],"2":[3,1],"3":[1,10],"4":[2,9],"5":[4,7],"6":[15,7],"7":[2,13],"8":[15,15,13],"9":[2,11],"10":[13,13],"11":[2,11],"12":[13,13],"13":[2,11],"14":[13,2],"15":[13,7],"16":[13,7],"17":[13,12],"18":[2,5],"19":[7,7]},"f":{"1":15,"2":47,"3":17,"4":1,"5":6,"6":12,"7":8,"8":4,"9":14,"10":5,"11":11,"12":2,"13":2,"14":2,"15":2,"16":22,"17":13,"18":13,"19":13,"20":7},"fnMap":{"1":{"name":"(anonymous_1)","line":8,"loc":{"start":{"line":8,"column":15},"end":{"line":8,"column":26}}},"2":{"name":"(anonymous_2)","line":9,"loc":{"start":{"line":9,"column":22},"end":{"line":9,"column":44}}},"3":{"name":"(anonymous_3)","line":14,"loc":{"start":{"line":14,"column":13},"end":{"line":14,"column":24}}},"4":{"name":"(anonymous_4)","line":15,"loc":{"start":{"line":15,"column":31},"end":{"line":15,"column":48}}},"5":{"name":"(anonymous_5)","line":20,"loc":{"start":{"line":20,"column":10},"end":{"line":20,"column":27}}},"6":{"name":"(anonymous_6)","line":21,"loc":{"start":{"line":21,"column":29},"end":{"line":21,"column":49}}},"7":{"name":"(anonymous_7)","line":26,"loc":{"start":{"line":26,"column":10},"end":{"line":26,"column":32}}},"8":{"name":"(anonymous_8)","line":40,"loc":{"start":{"line":40,"column":17},"end":{"line":40,"column":28}}},"9":{"name":"(anonymous_9)","line":43,"loc":{"start":{"line":43,"column":22},"end":{"line":43,"column":37}}},"10":{"name":"(anonymous_10)","line":59,"loc":{"start":{"line":59,"column":13},"end":{"line":59,"column":30}}},"11":{"name":"(anonymous_11)","line":68,"loc":{"start":{"line":68,"column":15},"end":{"line":68,"column":44}}},"12":{"name":"(anonymous_12)","line":102,"loc":{"start":{"line":102,"column":9},"end":{"line":102,"column":20}}},"13":{"name":"(anonymous_13)","line":103,"loc":{"start":{"line":103,"column":9},"end":{"line":103,"column":20}}},"14":{"name":"(anonymous_14)","line":106,"loc":{"start":{"line":106,"column":9},"end":{"line":106,"column":20}}},"15":{"name":"(anonymous_15)","line":107,"loc":{"start":{"line":107,"column":9},"end":{"line":107,"column":20}}},"16":{"name":"(anonymous_16)","line":117,"loc":{"start":{"line":117,"column":29},"end":{"line":117,"column":51}}},"17":{"name":"(anonymous_17)","line":124,"loc":{"start":{"line":124,"column":14},"end":{"line":124,"column":25}}},"18":{"name":"(anonymous_18)","line":133,"loc":{"start":{"line":133,"column":19},"end":{"line":133,"column":30}}},"19":{"name":"(anonymous_19)","line":141,"loc":{"start":{"line":141,"column":17},"end":{"line":141,"column":28}}},"20":{"name":"(anonymous_20)","line":226,"loc":{"start":{"line":226,"column":14},"end":{"line":226,"column":25}}}},"statementMap":{"1":{"start":{"line":1,"column":0},"end":{"line":1,"column":31}},"2":{"start":{"line":2,"column":0},"end":{"line":2,"column":34}},"3":{"start":{"line":3,"column":0},"end":{"line":3,"column":58}},"4":{"start":{"line":5,"column":0},"end":{"line":240,"column":3}},"5":{"start":{"line":9,"column":2},"end":{"line":11,"column":5}},"6":{"start":{"line":10,"column":3},"end":{"line":10,"column":59}},"7":{"start":{"line":15,"column":2},"end":{"line":17,"column":12}},"8":{"start":{"line":16,"column":3},"end":{"line":16,"column":27}},"9":{"start":{"line":21,"column":2},"end":{"line":23,"column":5}},"10":{"start":{"line":22,"column":4},"end":{"line":22,"column":45}},"11":{"start":{"line":27,"column":2},"end":{"line":27,"column":42}},"12":{"start":{"line":29,"column":2},"end":{"line":31,"column":5}},"13":{"start":{"line":33,"column":2},"end":{"line":33,"column":22}},"14":{"start":{"line":36,"column":2},"end":{"line":36,"column":39}},"15":{"start":{"line":37,"column":2},"end":{"line":37,"column":50}},"16":{"start":{"line":41,"column":2},"end":{"line":41,"column":29}},"17":{"start":{"line":43,"column":2},"end":{"line":51,"column":5}},"18":{"start":{"line":44,"column":3},"end":{"line":44,"column":30}},"19":{"start":{"line":46,"column":3},"end":{"line":49,"column":4}},"20":{"start":{"line":47,"column":4},"end":{"line":47,"column":27}},"21":{"start":{"line":48,"column":4},"end":{"line":48,"column":24}},"22":{"start":{"line":53,"column":2},"end":{"line":56,"column":3}},"23":{"start":{"line":54,"column":3},"end":{"line":54,"column":34}},"24":{"start":{"line":55,"column":3},"end":{"line":55,"column":40}},"25":{"start":{"line":60,"column":2},"end":{"line":60,"column":43}},"26":{"start":{"line":61,"column":2},"end":{"line":61,"column":22}},"27":{"start":{"line":62,"column":2},"end":{"line":62,"column":25}},"28":{"start":{"line":65,"column":2},"end":{"line":65,"column":41}},"29":{"start":{"line":69,"column":2},"end":{"line":69,"column":30}},"30":{"start":{"line":70,"column":2},"end":{"line":70,"column":63}},"31":{"start":{"line":71,"column":2},"end":{"line":71,"column":27}},"32":{"start":{"line":72,"column":2},"end":{"line":72,"column":44}},"33":{"start":{"line":73,"column":2},"end":{"line":73,"column":34}},"34":{"start":{"line":74,"column":2},"end":{"line":74,"column":15}},"35":{"start":{"line":75,"column":2},"end":{"line":75,"column":70}},"36":{"start":{"line":76,"column":2},"end":{"line":76,"column":40}},"37":{"start":{"line":77,"column":2},"end":{"line":77,"column":17}},"38":{"start":{"line":78,"column":2},"end":{"line":78,"column":60}},"39":{"start":{"line":79,"column":2},"end":{"line":79,"column":36}},"40":{"start":{"line":80,"column":2},"end":{"line":80,"column":36}},"41":{"start":{"line":82,"column":2},"end":{"line":109,"column":4}},"42":{"start":{"line":102,"column":22},"end":{"line":102,"column":31}},"43":{"start":{"line":103,"column":22},"end":{"line":103,"column":31}},"44":{"start":{"line":106,"column":22},"end":{"line":106,"column":31}},"45":{"start":{"line":107,"column":22},"end":{"line":107,"column":31}},"46":{"start":{"line":111,"column":2},"end":{"line":111,"column":31}},"47":{"start":{"line":111,"column":17},"end":{"line":111,"column":29}},"48":{"start":{"line":112,"column":2},"end":{"line":112,"column":54}},"49":{"start":{"line":112,"column":24},"end":{"line":112,"column":52}},"50":{"start":{"line":113,"column":2},"end":{"line":113,"column":31}},"51":{"start":{"line":115,"column":2},"end":{"line":115,"column":57}},"52":{"start":{"line":115,"column":48},"end":{"line":115,"column":55}},"53":{"start":{"line":117,"column":2},"end":{"line":238,"column":12}},"54":{"start":{"line":118,"column":3},"end":{"line":237,"column":4}},"55":{"start":{"line":120,"column":4},"end":{"line":120,"column":59}},"56":{"start":{"line":120,"column":50},"end":{"line":120,"column":57}},"57":{"start":{"line":122,"column":4},"end":{"line":122,"column":49}},"58":{"start":{"line":123,"column":4},"end":{"line":123,"column":30}},"59":{"start":{"line":124,"column":4},"end":{"line":130,"column":8}},"60":{"start":{"line":125,"column":5},"end":{"line":129,"column":6}},"61":{"start":{"line":126,"column":6},"end":{"line":126,"column":26}},"62":{"start":{"line":128,"column":6},"end":{"line":128,"column":21}},"63":{"start":{"line":132,"column":4},"end":{"line":132,"column":31}},"64":{"start":{"line":133,"column":4},"end":{"line":139,"column":8}},"65":{"start":{"line":134,"column":5},"end":{"line":138,"column":6}},"66":{"start":{"line":135,"column":6},"end":{"line":135,"column":44}},"67":{"start":{"line":137,"column":6},"end":{"line":137,"column":15}},"68":{"start":{"line":141,"column":4},"end":{"line":154,"column":8}},"69":{"start":{"line":142,"column":5},"end":{"line":142,"column":17}},"70":{"start":{"line":143,"column":5},"end":{"line":143,"column":18}},"71":{"start":{"line":145,"column":5},"end":{"line":150,"column":6}},"72":{"start":{"line":146,"column":6},"end":{"line":146,"column":51}},"73":{"start":{"line":147,"column":6},"end":{"line":147,"column":53}},"74":{"start":{"line":149,"column":6},"end":{"line":149,"column":54}},"75":{"start":{"line":152,"column":5},"end":{"line":152,"column":14}},"76":{"start":{"line":157,"column":4},"end":{"line":157,"column":56}},"77":{"start":{"line":158,"column":4},"end":{"line":158,"column":54}},"78":{"start":{"line":159,"column":4},"end":{"line":159,"column":63}},"79":{"start":{"line":162,"column":4},"end":{"line":162,"column":41}},"80":{"start":{"line":163,"column":4},"end":{"line":163,"column":54}},"81":{"start":{"line":164,"column":4},"end":{"line":165,"column":36}},"82":{"start":{"line":168,"column":4},"end":{"line":168,"column":61}},"83":{"start":{"line":169,"column":4},"end":{"line":169,"column":44}},"84":{"start":{"line":170,"column":4},"end":{"line":170,"column":66}},"85":{"start":{"line":173,"column":4},"end":{"line":174,"column":47}},"86":{"start":{"line":176,"column":4},"end":{"line":177,"column":49}},"87":{"start":{"line":179,"column":4},"end":{"line":180,"column":50}},"88":{"start":{"line":183,"column":4},"end":{"line":186,"column":23}},"89":{"start":{"line":188,"column":4},"end":{"line":191,"column":23}},"90":{"start":{"line":193,"column":4},"end":{"line":196,"column":23}},"91":{"start":{"line":198,"column":4},"end":{"line":202,"column":23}},"92":{"start":{"line":207,"column":4},"end":{"line":222,"column":6}},"93":{"start":{"line":225,"column":4},"end":{"line":225,"column":22}},"94":{"start":{"line":226,"column":4},"end":{"line":232,"column":8}},"95":{"start":{"line":227,"column":5},"end":{"line":231,"column":6}},"96":{"start":{"line":228,"column":6},"end":{"line":228,"column":26}},"97":{"start":{"line":230,"column":6},"end":{"line":230,"column":21}},"98":{"start":{"line":233,"column":4},"end":{"line":236,"column":23}},"99":{"start":{"line":242,"column":0},"end":{"line":242,"column":33}}},"branchMap":{"1":{"line":46,"type":"if","locations":[{"start":{"line":46,"column":3},"end":{"line":46,"column":3}},{"start":{"line":46,"column":3},"end":{"line":46,"column":3}}]},"2":{"line":53,"type":"if","locations":[{"start":{"line":53,"column":2},"end":{"line":53,"column":2}},{"start":{"line":53,"column":2},"end":{"line":53,"column":2}}]},"3":{"line":111,"type":"if","locations":[{"start":{"line":111,"column":2},"end":{"line":111,"column":2}},{"start":{"line":111,"column":2},"end":{"line":111,"column":2}}]},"4":{"line":112,"type":"if","locations":[{"start":{"line":112,"column":2},"end":{"line":112,"column":2}},{"start":{"line":112,"column":2},"end":{"line":112,"column":2}}]},"5":{"line":115,"type":"if","locations":[{"start":{"line":115,"column":2},"end":{"line":115,"column":2}},{"start":{"line":115,"column":2},"end":{"line":115,"column":2}}]},"6":{"line":118,"type":"if","locations":[{"start":{"line":118,"column":3},"end":{"line":118,"column":3}},{"start":{"line":118,"column":3},"end":{"line":118,"column":3}}]},"7":{"line":120,"type":"if","locations":[{"start":{"line":120,"column":4},"end":{"line":120,"column":4}},{"start":{"line":120,"column":4},"end":{"line":120,"column":4}}]},"8":{"line":120,"type":"binary-expr","locations":[{"start":{"line":120,"column":8},"end":{"line":120,"column":13}},{"start":{"line":120,"column":17},"end":{"line":120,"column":26}},{"start":{"line":120,"column":30},"end":{"line":120,"column":46}}]},"9":{"line":125,"type":"if","locations":[{"start":{"line":125,"column":5},"end":{"line":125,"column":5}},{"start":{"line":125,"column":5},"end":{"line":125,"column":5}}]},"10":{"line":125,"type":"binary-expr","locations":[{"start":{"line":125,"column":9},"end":{"line":125,"column":17}},{"start":{"line":125,"column":21},"end":{"line":125,"column":39}}]},"11":{"line":134,"type":"if","locations":[{"start":{"line":134,"column":5},"end":{"line":134,"column":5}},{"start":{"line":134,"column":5},"end":{"line":134,"column":5}}]},"12":{"line":134,"type":"binary-expr","locations":[{"start":{"line":134,"column":9},"end":{"line":134,"column":25}},{"start":{"line":134,"column":29},"end":{"line":134,"column":51}}]},"13":{"line":145,"type":"if","locations":[{"start":{"line":145,"column":5},"end":{"line":145,"column":5}},{"start":{"line":145,"column":5},"end":{"line":145,"column":5}}]},"14":{"line":145,"type":"binary-expr","locations":[{"start":{"line":145,"column":9},"end":{"line":145,"column":28}},{"start":{"line":145,"column":32},"end":{"line":145,"column":52}}]},"15":{"line":174,"type":"binary-expr","locations":[{"start":{"line":174,"column":6},"end":{"line":174,"column":40}},{"start":{"line":174,"column":44},"end":{"line":174,"column":45}}]},"16":{"line":177,"type":"binary-expr","locations":[{"start":{"line":177,"column":6},"end":{"line":177,"column":42}},{"start":{"line":177,"column":46},"end":{"line":177,"column":47}}]},"17":{"line":180,"type":"binary-expr","locations":[{"start":{"line":180,"column":6},"end":{"line":180,"column":43}},{"start":{"line":180,"column":47},"end":{"line":180,"column":48}}]},"18":{"line":227,"type":"if","locations":[{"start":{"line":227,"column":5},"end":{"line":227,"column":5}},{"start":{"line":227,"column":5},"end":{"line":227,"column":5}}]},"19":{"line":227,"type":"binary-expr","locations":[{"start":{"line":227,"column":9},"end":{"line":227,"column":17}},{"start":{"line":227,"column":21},"end":{"line":227,"column":39}}]}},"l":{"1":1,"2":1,"3":1,"5":1,"9":15,"10":47,"15":17,"16":1,"21":6,"22":12,"27":8,"29":8,"33":8,"36":8,"37":8,"41":4,"43":4,"44":14,"46":14,"47":4,"48":4,"53":4,"54":3,"55":3,"60":5,"61":5,"62":5,"65":5,"69":11,"70":11,"71":11,"72":11,"73":11,"74":11,"75":11,"76":11,"77":11,"78":11,"79":11,"80":11,"82":11,"102":2,"103":2,"106":2,"107":2,"111":11,"112":11,"113":11,"115":11,"117":7,"118":22,"120":15,"122":13,"123":13,"124":13,"125":13,"126":2,"128":11,"132":13,"133":13,"134":13,"135":2,"137":11,"141":13,"142":13,"143":13,"145":13,"146":2,"147":2,"149":2,"152":11,"157":13,"158":13,"159":13,"162":13,"163":13,"164":13,"168":13,"169":13,"170":13,"173":13,"176":13,"179":13,"183":13,"188":13,"193":13,"198":13,"207":13,"225":7,"226":7,"227":7,"228":2,"230":5,"233":7,"242":1}},
"/Users/dominiccocchiarella/code/QuestBnB/public/app/backbone_models/trip_model.js":{"path":"/Users/dominiccocchiarella/code/QuestBnB/public/app/backbone_models/trip_model.js","s":{"1":1,"2":17,"3":5,"4":18,"5":4,"6":4,"7":4,"8":4,"9":1,"10":3,"11":3,"12":4,"13":2,"14":2,"15":2,"16":3,"17":2,"18":3,"19":4,"20":4,"21":5,"22":1},"b":{"1":[1,3],"2":[2,2],"3":[2,1]},"f":{"1":17,"2":5,"3":18,"4":4,"5":4,"6":5},"fnMap":{"1":{"name":"(anonymous_1)","line":19,"loc":{"start":{"line":19,"column":13},"end":{"line":19,"column":24}}},"2":{"name":"(anonymous_2)","line":23,"loc":{"start":{"line":23,"column":9},"end":{"line":23,"column":26}}},"3":{"name":"(anonymous_3)","line":27,"loc":{"start":{"line":27,"column":11},"end":{"line":27,"column":22}}},"4":{"name":"(anonymous_4)","line":31,"loc":{"start":{"line":31,"column":28},"end":{"line":31,"column":39}}},"5":{"name":"(anonymous_5)","line":45,"loc":{"start":{"line":45,"column":20},"end":{"line":45,"column":42}}},"6":{"name":"(anonymous_6)","line":61,"loc":{"start":{"line":61,"column":23},"end":{"line":61,"column":45}}}},"statementMap":{"1":{"start":{"line":1,"column":0},"end":{"line":64,"column":3}},"2":{"start":{"line":20,"column":2},"end":{"line":20,"column":18}},"3":{"start":{"line":24,"column":2},"end":{"line":24,"column":44}},"4":{"start":{"line":28,"column":2},"end":{"line":28,"column":29}},"5":{"start":{"line":32,"column":2},"end":{"line":32,"column":50}},"6":{"start":{"line":33,"column":2},"end":{"line":38,"column":4}},"7":{"start":{"line":39,"column":2},"end":{"line":39,"column":15}},"8":{"start":{"line":41,"column":2},"end":{"line":55,"column":3}},"9":{"start":{"line":42,"column":3},"end":{"line":42,"column":24}},"10":{"start":{"line":44,"column":3},"end":{"line":44,"column":35}},"11":{"start":{"line":45,"column":3},"end":{"line":51,"column":6}},"12":{"start":{"line":46,"column":4},"end":{"line":50,"column":5}},"13":{"start":{"line":47,"column":5},"end":{"line":47,"column":31}},"14":{"start":{"line":48,"column":5},"end":{"line":48,"column":21}},"15":{"start":{"line":49,"column":5},"end":{"line":49,"column":17}},"16":{"start":{"line":53,"column":3},"end":{"line":53,"column":51}},"17":{"start":{"line":53,"column":19},"end":{"line":53,"column":49}},"18":{"start":{"line":54,"column":3},"end":{"line":54,"column":26}},"19":{"start":{"line":57,"column":2},"end":{"line":57,"column":61}},"20":{"start":{"line":58,"column":2},"end":{"line":58,"column":38}},"21":{"start":{"line":62,"column":2},"end":{"line":62,"column":51}},"22":{"start":{"line":66,"column":0},"end":{"line":66,"column":28}}},"branchMap":{"1":{"line":41,"type":"if","locations":[{"start":{"line":41,"column":2},"end":{"line":41,"column":2}},{"start":{"line":41,"column":2},"end":{"line":41,"column":2}}]},"2":{"line":46,"type":"if","locations":[{"start":{"line":46,"column":4},"end":{"line":46,"column":4}},{"start":{"line":46,"column":4},"end":{"line":46,"column":4}}]},"3":{"line":53,"type":"if","locations":[{"start":{"line":53,"column":3},"end":{"line":53,"column":3}},{"start":{"line":53,"column":3},"end":{"line":53,"column":3}}]}},"l":{"1":1,"20":17,"24":5,"28":18,"32":4,"33":4,"39":4,"41":4,"42":1,"44":3,"45":3,"46":4,"47":2,"48":2,"49":2,"53":3,"54":3,"57":4,"58":4,"62":5,"66":1}},
"/Users/dominiccocchiarella/code/QuestBnB/public/app/backbone_models/traveller_model.js":{"path":"/Users/dominiccocchiarella/code/QuestBnB/public/app/backbone_models/traveller_model.js","s":{"1":1,"2":1,"3":1},"b":{},"f":{"1":1},"fnMap":{"1":{"name":"(anonymous_1)","line":9,"loc":{"start":{"line":9,"column":18},"end":{"line":9,"column":29}}}},"statementMap":{"1":{"start":{"line":1,"column":0},"end":{"line":12,"column":3}},"2":{"start":{"line":10,"column":2},"end":{"line":10,"column":52}},"3":{"start":{"line":14,"column":0},"end":{"line":14,"column":33}}},"branchMap":{},"l":{"1":1,"10":1,"14":1}},
"/Users/dominiccocchiarella/code/QuestBnB/public/app/backbone_collections/travellers_collection.js":{"path":"/Users/dominiccocchiarella/code/QuestBnB/public/app/backbone_collections/travellers_collection.js","s":{"1":1,"2":1,"3":3,"4":1,"5":3,"6":1},"b":{},"f":{"1":3,"2":1,"3":3},"fnMap":{"1":{"name":"(anonymous_1)","line":6,"loc":{"start":{"line":6,"column":13},"end":{"line":6,"column":24}}},"2":{"name":"(anonymous_2)","line":7,"loc":{"start":{"line":7,"column":37},"end":{"line":7,"column":50}}},"3":{"name":"(anonymous_3)","line":12,"loc":{"start":{"line":12,"column":18},"end":{"line":12,"column":31}}}},"statementMap":{"1":{"start":{"line":1,"column":0},"end":{"line":1,"column":68}},"2":{"start":{"line":3,"column":0},"end":{"line":15,"column":3}},"3":{"start":{"line":7,"column":2},"end":{"line":9,"column":12}},"4":{"start":{"line":8,"column":3},"end":{"line":8,"column":28}},"5":{"start":{"line":13,"column":2},"end":{"line":13,"column":38}},"6":{"start":{"line":17,"column":0},"end":{"line":17,"column":39}}},"branchMap":{},"l":{"1":1,"3":1,"7":3,"8":1,"13":3,"17":1}}}
