TN:
SF:/Users/dominiccocchiarella/code/QuestBnB/public/app/backbone_models/header_model.js
FNF:0
FNH:0
DA:1,1
DA:8,1
LF:2
LH:2
BRF:0
BRH:0
end_of_record
TN:
SF:/Users/dominiccocchiarella/code/QuestBnB/public/app/backbone_models/search_model.js
FN:7,(anonymous_1)
FN:11,(anonymous_2)
FN:18,(anonymous_3)
FN:42,(anonymous_4)
FNF:4
FNH:4
FNDA:6,(anonymous_1)
FNDA:4,(anonymous_2)
FNDA:4,(anonymous_3)
FNDA:1,(anonymous_4)
DA:1,1
DA:8,6
DA:12,4
DA:19,4
DA:21,2
DA:25,2
DA:27,1
DA:31,1
DA:33,1
DA:37,1
DA:38,1
DA:43,1
DA:47,1
LF:13
LH:13
BRDA:19,1,0,2
BRDA:19,1,1,1
BRDA:19,1,2,1
BRF:3
BRH:3
end_of_record
TN:
SF:/Users/dominiccocchiarella/code/QuestBnB/public/app/backbone_models/stop_model.js
FN:35,(anonymous_1)
FN:41,(anonymous_2)
FN:45,(anonymous_3)
FN:50,(anonymous_4)
FNF:4
FNH:4
FNDA:57,(anonymous_1)
FNDA:2,(anonymous_2)
FNDA:1,(anonymous_3)
FNDA:2,(anonymous_4)
DA:1,1
DA:36,57
DA:38,57
DA:42,2
DA:45,2
DA:46,1
DA:52,2
DA:56,1
LF:8
LH:8
BRDA:36,1,0,4
BRDA:36,1,1,53
BRDA:38,2,0,1
BRDA:38,2,1,56
BRF:4
BRH:4
end_of_record
TN:
SF:/Users/dominiccocchiarella/code/QuestBnB/public/app/backbone_collections/stops_collection.js
FN:8,(anonymous_1)
FN:9,(anonymous_2)
FN:14,(anonymous_3)
FN:15,(anonymous_4)
FN:20,(anonymous_5)
FN:21,(anonymous_6)
FN:26,(anonymous_7)
FN:40,(anonymous_8)
FN:43,(anonymous_9)
FN:59,(anonymous_10)
FN:68,(anonymous_11)
FN:102,(anonymous_12)
FN:103,(anonymous_13)
FN:106,(anonymous_14)
FN:107,(anonymous_15)
FN:117,(anonymous_16)
FN:124,(anonymous_17)
FN:133,(anonymous_18)
FN:141,(anonymous_19)
FN:226,(anonymous_20)
FNF:20
FNH:20
FNDA:15,(anonymous_1)
FNDA:47,(anonymous_2)
FNDA:17,(anonymous_3)
FNDA:1,(anonymous_4)
FNDA:6,(anonymous_5)
FNDA:12,(anonymous_6)
FNDA:8,(anonymous_7)
FNDA:4,(anonymous_8)
FNDA:14,(anonymous_9)
FNDA:5,(anonymous_10)
FNDA:11,(anonymous_11)
FNDA:2,(anonymous_12)
FNDA:2,(anonymous_13)
FNDA:2,(anonymous_14)
FNDA:2,(anonymous_15)
FNDA:22,(anonymous_16)
FNDA:13,(anonymous_17)
FNDA:13,(anonymous_18)
FNDA:13,(anonymous_19)
FNDA:7,(anonymous_20)
DA:1,1
DA:2,1
DA:3,1
DA:5,1
DA:9,15
DA:10,47
DA:15,17
DA:16,1
DA:21,6
DA:22,12
DA:27,8
DA:29,8
DA:33,8
DA:36,8
DA:37,8
DA:41,4
DA:43,4
DA:44,14
DA:46,14
DA:47,4
DA:48,4
DA:53,4
DA:54,3
DA:55,3
DA:60,5
DA:61,5
DA:62,5
DA:65,5
DA:69,11
DA:70,11
DA:71,11
DA:72,11
DA:73,11
DA:74,11
DA:75,11
DA:76,11
DA:77,11
DA:78,11
DA:79,11
DA:80,11
DA:82,11
DA:102,2
DA:103,2
DA:106,2
DA:107,2
DA:111,11
DA:112,11
DA:113,11
DA:115,11
DA:117,7
DA:118,22
DA:120,15
DA:122,13
DA:123,13
DA:124,13
DA:125,13
DA:126,2
DA:128,11
DA:132,13
DA:133,13
DA:134,13
DA:135,2
DA:137,11
DA:141,13
DA:142,13
DA:143,13
DA:145,13
DA:146,2
DA:147,2
DA:149,2
DA:152,11
DA:157,13
DA:158,13
DA:159,13
DA:162,13
DA:163,13
DA:164,13
DA:168,13
DA:169,13
DA:170,13
DA:173,13
DA:176,13
DA:179,13
DA:183,13
DA:188,13
DA:193,13
DA:198,13
DA:207,13
DA:225,7
DA:226,7
DA:227,7
DA:228,2
DA:230,5
DA:233,7
DA:242,1
LF:95
LH:95
BRDA:46,1,0,4
BRDA:46,1,1,10
BRDA:53,2,0,3
BRDA:53,2,1,1
BRDA:111,3,0,1
BRDA:111,3,1,10
BRDA:112,4,0,2
BRDA:112,4,1,9
BRDA:115,5,0,4
BRDA:115,5,1,7
BRDA:118,6,0,15
BRDA:118,6,1,7
BRDA:120,7,0,2
BRDA:120,7,1,13
BRDA:120,8,0,15
BRDA:120,8,1,15
BRDA:120,8,2,13
BRDA:125,9,0,2
BRDA:125,9,1,11
BRDA:125,10,0,13
BRDA:125,10,1,13
BRDA:134,11,0,2
BRDA:134,11,1,11
BRDA:134,12,0,13
BRDA:134,12,1,13
BRDA:145,13,0,2
BRDA:145,13,1,11
BRDA:145,14,0,13
BRDA:145,14,1,2
BRDA:174,15,0,13
BRDA:174,15,1,7
BRDA:177,16,0,13
BRDA:177,16,1,7
BRDA:180,17,0,13
BRDA:180,17,1,12
BRDA:227,18,0,2
BRDA:227,18,1,5
BRDA:227,19,0,7
BRDA:227,19,1,7
BRF:39
BRH:39
end_of_record
TN:
SF:/Users/dominiccocchiarella/code/QuestBnB/public/app/backbone_models/trip_model.js
FN:19,(anonymous_1)
FN:23,(anonymous_2)
FN:27,(anonymous_3)
FN:31,(anonymous_4)
FN:45,(anonymous_5)
FN:61,(anonymous_6)
FNF:6
FNH:6
FNDA:17,(anonymous_1)
FNDA:5,(anonymous_2)
FNDA:18,(anonymous_3)
FNDA:4,(anonymous_4)
FNDA:4,(anonymous_5)
FNDA:5,(anonymous_6)
DA:1,1
DA:20,17
DA:24,5
DA:28,18
DA:32,4
DA:33,4
DA:39,4
DA:41,4
DA:42,1
DA:44,3
DA:45,3
DA:46,4
DA:47,2
DA:48,2
DA:49,2
DA:53,3
DA:54,3
DA:57,4
DA:58,4
DA:62,5
DA:66,1
LF:21
LH:21
BRDA:41,1,0,1
BRDA:41,1,1,3
BRDA:46,2,0,2
BRDA:46,2,1,2
BRDA:53,3,0,2
BRDA:53,3,1,1
BRF:6
BRH:6
end_of_record
TN:
SF:/Users/dominiccocchiarella/code/QuestBnB/public/app/backbone_models/traveller_model.js
FN:9,(anonymous_1)
FNF:1
FNH:1
FNDA:1,(anonymous_1)
DA:1,1
DA:10,1
DA:14,1
LF:3
LH:3
BRF:0
BRH:0
end_of_record
TN:
SF:/Users/dominiccocchiarella/code/QuestBnB/public/app/backbone_collections/travellers_collection.js
FN:6,(anonymous_1)
FN:7,(anonymous_2)
FN:12,(anonymous_3)
FNF:3
FNH:3
FNDA:3,(anonymous_1)
FNDA:1,(anonymous_2)
FNDA:3,(anonymous_3)
DA:1,1
DA:3,1
DA:7,3
DA:8,1
DA:13,3
DA:17,1
LF:6
LH:6
BRF:0
BRH:0
end_of_record
