TN:
SF:/Users/dominiccocchiarella/code/QuestBnB/public/app/backbone_models/header_model.js
FNF:0
FNH:0
DA:1,1
DA:8,1
LF:2
LH:2
BRF:0
BRH:0
end_of_record
TN:
SF:/Users/dominiccocchiarella/code/QuestBnB/public/app/backbone_models/search_model.js
FN:7,(anonymous_1)
FN:11,(anonymous_2)
FN:18,(anonymous_3)
FN:42,(anonymous_4)
FNF:4
FNH:4
FNDA:6,(anonymous_1)
FNDA:4,(anonymous_2)
FNDA:4,(anonymous_3)
FNDA:1,(anonymous_4)
DA:1,1
DA:8,6
DA:12,4
DA:19,4
DA:21,2
DA:25,2
DA:27,1
DA:31,1
DA:33,1
DA:37,1
DA:38,1
DA:43,1
DA:47,1
LF:13
LH:13
BRDA:19,1,0,2
BRDA:19,1,1,1
BRDA:19,1,2,1
BRF:3
BRH:3
end_of_record
TN:
SF:/Users/dominiccocchiarella/code/QuestBnB/public/app/backbone_models/stop_model.js
FN:27,(anonymous_1)
FN:33,(anonymous_2)
FNF:2
FNH:2
FNDA:52,(anonymous_1)
FNDA:1,(anonymous_2)
DA:1,1
DA:28,52
DA:30,52
DA:35,1
DA:39,1
LF:5
LH:5
BRDA:28,1,0,2
BRDA:28,1,1,50
BRDA:30,2,0,1
BRDA:30,2,1,51
BRF:4
BRH:4
end_of_record
TN:
SF:/Users/dominiccocchiarella/code/QuestBnB/public/app/backbone_collections/stops_collection.js
FN:8,(anonymous_1)
FN:9,(anonymous_2)
FN:14,(anonymous_3)
FN:15,(anonymous_4)
FN:20,(anonymous_5)
FN:21,(anonymous_6)
FN:26,(anonymous_7)
FN:40,(anonymous_8)
FN:43,(anonymous_9)
FN:59,(anonymous_10)
FN:68,(anonymous_11)
FN:95,(anonymous_12)
FN:96,(anonymous_13)
FN:99,(anonymous_14)
FN:100,(anonymous_15)
FN:110,(anonymous_16)
FN:117,(anonymous_17)
FN:164,(anonymous_18)
FNF:18
FNH:18
FNDA:15,(anonymous_1)
FNDA:47,(anonymous_2)
FNDA:16,(anonymous_3)
FNDA:1,(anonymous_4)
FNDA:6,(anonymous_5)
FNDA:12,(anonymous_6)
FNDA:8,(anonymous_7)
FNDA:4,(anonymous_8)
FNDA:14,(anonymous_9)
FNDA:5,(anonymous_10)
FNDA:10,(anonymous_11)
FNDA:2,(anonymous_12)
FNDA:2,(anonymous_13)
FNDA:2,(anonymous_14)
FNDA:2,(anonymous_15)
FNDA:19,(anonymous_16)
FNDA:11,(anonymous_17)
FNDA:6,(anonymous_18)
DA:1,1
DA:2,1
DA:3,1
DA:5,1
DA:9,15
DA:10,47
DA:15,16
DA:16,1
DA:21,6
DA:22,12
DA:27,8
DA:29,8
DA:33,8
DA:36,8
DA:37,8
DA:41,4
DA:43,4
DA:44,14
DA:46,14
DA:47,4
DA:48,4
DA:53,4
DA:54,3
DA:55,3
DA:60,5
DA:61,5
DA:62,5
DA:65,5
DA:69,10
DA:70,10
DA:71,10
DA:72,10
DA:73,10
DA:75,10
DA:95,2
DA:96,2
DA:99,2
DA:100,2
DA:104,10
DA:105,10
DA:106,10
DA:108,10
DA:110,6
DA:111,19
DA:113,13
DA:115,11
DA:116,11
DA:117,11
DA:118,11
DA:119,2
DA:121,9
DA:125,11
DA:126,11
DA:127,11
DA:129,11
DA:130,11
DA:131,11
DA:133,11
DA:138,11
DA:143,11
DA:151,11
DA:163,6
DA:164,6
DA:165,6
DA:166,2
DA:168,4
DA:171,6
DA:180,1
LF:68
LH:68
BRDA:46,1,0,4
BRDA:46,1,1,10
BRDA:53,2,0,3
BRDA:53,2,1,1
BRDA:104,3,0,1
BRDA:104,3,1,9
BRDA:105,4,0,2
BRDA:105,4,1,8
BRDA:108,5,0,4
BRDA:108,5,1,6
BRDA:111,6,0,13
BRDA:111,6,1,6
BRDA:113,7,0,2
BRDA:113,7,1,11
BRDA:113,8,0,13
BRDA:113,8,1,13
BRDA:113,8,2,11
BRDA:118,9,0,2
BRDA:118,9,1,9
BRDA:118,10,0,11
BRDA:118,10,1,11
BRDA:165,11,0,2
BRDA:165,11,1,4
BRDA:165,12,0,6
BRDA:165,12,1,6
BRF:25
BRH:25
end_of_record
TN:
SF:/Users/dominiccocchiarella/code/QuestBnB/public/app/backbone_models/traveller_model.js
FN:9,(anonymous_1)
FNF:1
FNH:1
FNDA:1,(anonymous_1)
DA:1,1
DA:10,1
DA:14,1
LF:3
LH:3
BRF:0
BRH:0
end_of_record
TN:
SF:/Users/dominiccocchiarella/code/QuestBnB/public/app/backbone_collections/travellers_collection.js
FN:6,(anonymous_1)
FN:7,(anonymous_2)
FN:12,(anonymous_3)
FNF:3
FNH:3
FNDA:3,(anonymous_1)
FNDA:1,(anonymous_2)
FNDA:3,(anonymous_3)
DA:1,1
DA:3,1
DA:7,3
DA:8,1
DA:13,3
DA:17,1
LF:6
LH:6
BRF:0
BRH:0
end_of_record
TN:
SF:/Users/dominiccocchiarella/code/QuestBnB/public/app/backbone_models/trip_model.js
FN:19,(anonymous_1)
FN:23,(anonymous_2)
FN:27,(anonymous_3)
FN:31,(anonymous_4)
FN:45,(anonymous_5)
FN:61,(anonymous_6)
FNF:6
FNH:6
FNDA:6,(anonymous_1)
FNDA:5,(anonymous_2)
FNDA:7,(anonymous_3)
FNDA:4,(anonymous_4)
FNDA:4,(anonymous_5)
FNDA:5,(anonymous_6)
DA:1,1
DA:20,6
DA:24,5
DA:28,7
DA:32,4
DA:33,4
DA:39,4
DA:41,4
DA:42,1
DA:44,3
DA:45,3
DA:46,4
DA:47,2
DA:48,2
DA:49,2
DA:53,3
DA:54,3
DA:57,4
DA:58,4
DA:62,5
DA:66,1
LF:21
LH:21
BRDA:41,1,0,1
BRDA:41,1,1,3
BRDA:46,2,0,2
BRDA:46,2,1,2
BRDA:53,3,0,2
BRDA:53,3,1,1
BRF:6
BRH:6
end_of_record
